<?xml version="1.0" encoding="UTF-8"?>
<testng-results skipped="0" failed="0" ignored="0" total="1" passed="1">
  <reporter-output>
  </reporter-output>
  <suite name="Suite" duration-ms="43" started-at="2020-12-09T06:12:15Z" finished-at="2020-12-09T06:12:15Z">
    <groups>
    </groups>
    <test name="Test" duration-ms="43" started-at="2020-12-09T06:12:15Z" finished-at="2020-12-09T06:12:15Z">
      <class name="TestClass.ClassTest">
        <test-method status="PASS" signature="first()[pri:0, instance:TestClass.ClassTest@7823a2f9]" name="first" duration-ms="12" started-at="2020-12-09T06:12:15Z" finished-at="2020-12-09T06:12:15Z">
          <reporter-output>
          </reporter-output>
        </test-method> <!-- first -->
      </class> <!-- TestClass.ClassTest -->
    </test> <!-- Test -->
  </suite> <!-- Suite -->
</testng-results>
